<?xml version="1.0" encoding="UTF-8"?>
<!-- Generated by org.testng.reporters.JUnitXMLReporter -->
<testsuite hostname="purushoth-PC" ignored="0" name="login test cases" tests="5" failures="0" timestamp="2020-02-14T18:47:15 PST" time="96.961" errors="0">
  <testcase name="Loginusrpas" time="34.789" classname="Login.Bothcrt"/>
  <testcase name="Loginusrpas" time="15.825" classname="Login.Correctpassword"/>
  <testcase name="Loginusrpas" time="15.683" classname="Login.CorrectUsername"/>
  <testcase name="Loginusrpas" time="14.872" classname="Login.Mistakepass"/>
  <testcase name="Loginusrpas" time="15.665" classname="Login.Mistakeuser"/>
</testsuite> <!-- login test cases -->
