<?xml version="1.0" encoding="UTF-8"?>
<!-- Generated by org.testng.reporters.JUnitXMLReporter -->
<testsuite hostname="purushoth-PC" ignored="0" name="Login.Mistakepass" tests="1" failures="1" timestamp="2020-02-14T19:17:26 PST" time="0.093" errors="0">
  <testcase name="Loginusrpas" time="0.019" classname="Login.Mistakepass">
    <failure type="java.lang.Error" message="Unresolved compilation problem: 
	Syntax error on token &amp;quot;)&amp;quot;, delete this token
">
      <![CDATA[java.lang.Error: Unresolved compilation problem: 
Syntax error on token ")", delete this token

at Login.Mistakepass.Loginusrpas(Mistakepass.java:20)
at java.util.ArrayList.forEach(Unknown Source)
... Removed 27 stack frames]]>
    </failure>
  </testcase> <!-- Loginusrpas -->
</testsuite> <!-- Login.Mistakepass -->
