<?xml version="1.0" encoding="UTF-8"?>
<!-- Generated by org.testng.reporters.JUnitXMLReporter -->
<testsuite hostname="purushoth-PC" ignored="0" name="logintest" tests="5" failures="0" timestamp="2020-02-14T19:39:20 PST" time="144.901" errors="0">
  <testcase name="loginwithbothcrt" time="63.559" classname="Login.LoginProvider"/>
  <testcase name="loginwithbothcrt" time="25.432" classname="Login.LoginProvider"/>
  <testcase name="loginwithbothcrt" time="15.51" classname="Login.LoginProvider"/>
  <testcase name="loginwithbothcrt" time="19.836" classname="Login.LoginProvider"/>
  <testcase name="loginwithbothcrt" time="20.361" classname="Login.LoginProvider"/>
</testsuite> <!-- logintest -->
